--00:00:00:00.000 8584-- 
--00:00:00:00.000 8584-- Valgrind options:
--00:00:00:00.000 8584--    --tool=memcheck
--00:00:00:00.000 8584--    --xml=yes
--00:00:00:00.000 8584--    --xml-file=/tmp/clion-valgrind77e2bd54-d9fa-41cb-9405-1d0b04c5a53f/valgrind_output_%p
--00:00:00:00.000 8584--    --gen-suppressions=all
--00:00:00:00.000 8584--    --leak-check=full
--00:00:00:00.000 8584--    --leak-resolution=high
--00:00:00:00.000 8584--    --track-origins=yes
--00:00:00:00.000 8584--    --show-leak-kinds=all
--00:00:00:00.000 8584--    --verbose
--00:00:00:00.000 8584--    --show-mismatched-frees=yes
--00:00:00:00.000 8584--    --track-fds=yes
--00:00:00:00.000 8584--    --show-reachable=yes
--00:00:00:00.000 8584--    --show-possibly-lost=yes
--00:00:00:00.000 8584--    --num-callers=30
--00:00:00:00.000 8584--    --partial-loads-ok=no
--00:00:00:00.000 8584--    --undef-value-errors=yes
--00:00:00:00.000 8584--    --expensive-definedness-checks=yes
--00:00:00:00.000 8584--    --vgdb=full
--00:00:00:00.000 8584--    --child-silent-after-fork=yes
--00:00:00:00.000 8584--    --trace-children=no
--00:00:00:00.000 8584--    --error-exitcode=1
--00:00:00:00.000 8584--    --time-stamp=yes
--00:00:00:00.000 8584--    --keep-debuginfo=yes
--00:00:00:00.000 8584--    --read-inline-info=yes
--00:00:00:00.000 8584--    --read-var-info=yes
--00:00:00:00.000 8584--    --show-error-list=yes
--00:00:00:00.000 8584--    --log-file=valgrind-log.%p.log
--00:00:00:00.000 8584--    --suppressions=/usr/libexec/valgrind/default.supp
--00:00:00:00.000 8584-- Contents of /proc/version:
--00:00:00:00.000 8584--   Linux version 6.17.7-200.fc42.x86_64 (mockbuild@d274790ae59044f68ff4cd9f617cf0b1) (gcc (GCC) 15.2.1 20251022 (Red Hat 15.2.1-3), GNU ld version 2.44-6.fc42) #1 SMP PREEMPT_DYNAMIC Sun Nov  2 17:43:34 UTC 2025
--00:00:00:00.000 8584-- 
--00:00:00:00.000 8584-- Arch and hwcaps: AMD64, LittleEndian, amd64-cx16-lzcnt-rdtscp-sse3-ssse3-avx-avx2-bmi-f16c-rdrand-rdseed-fma
--00:00:00:00.000 8584-- Page sizes: currently 4096, max supported 4096
--00:00:00:00.000 8584-- Valgrind library directory: /usr/libexec/valgrind
--00:00:00:00.140 8584-- Reading syms from /home/drmlopes/CLionProjects/22000297/AED_I/cmake-build-debug/AED_I
--00:00:00:00.141 8584-- Reading syms from /usr/lib64/ld-linux-x86-64.so.2
--00:00:00:00.211 8584-- Warning: cross-CU LIMITATION: some inlined fn names
--00:00:00:00.211 8584-- might be shown as UnknownInlinedFun
--00:00:00:00.287 8584-- warning: addVar: unknown size (buf)
--00:00:00:00.287 8584-- warning: addVar: unknown size (buf)
--00:00:00:00.287 8584-- warning: addVar: unknown size (buf)
--00:00:00:00.287 8584-- warning: addVar: unknown size (buf)
--00:00:00:00.287 8584-- warning: addVar: unknown size (buf)
--00:00:00:00.287 8584-- warning: addVar: unknown size (buf)
--00:00:00:00.287 8584-- warning: addVar: unknown size (buf)
--00:00:00:00.287 8584-- warning: addVar: unknown size (loadcmds)
--00:00:00:00.287 8584-- warning: addVar: unknown size (loadcmds)
--00:00:00:00.287 8584-- warning: addVar: unknown size (loadcmds)
--00:00:00:00.297 8584-- Reading syms from /usr/libexec/valgrind/memcheck-amd64-linux
--00:00:00:00.307 8584-- Scheduler: using generic scheduler lock implementation.
--00:00:00:00.311 8584-- Reading suppressions file: /usr/libexec/valgrind/default.supp
--00:00:00:00.315 8584-- Reading suppressions file: /usr/libexec/valgrind/default.supp
==00:00:00:00.318 8584== embedded gdbserver: reading from /tmp/vgdb-pipe-from-vgdb-to-8584-by-drmlopes-on-fedora
==00:00:00:00.318 8584== embedded gdbserver: writing to   /tmp/vgdb-pipe-to-vgdb-from-8584-by-drmlopes-on-fedora
==00:00:00:00.318 8584== embedded gdbserver: shared mem   /tmp/vgdb-pipe-shared-mem-vgdb-8584-by-drmlopes-on-fedora
==00:00:00:00.318 8584== 
==00:00:00:00.318 8584== TO CONTROL THIS PROCESS USING vgdb (which you probably
==00:00:00:00.318 8584== don't want to do, unless you know exactly what you're doing,
==00:00:00:00.318 8584== or are doing some strange experiment):
==00:00:00:00.318 8584==   /usr/libexec/valgrind/../../bin/vgdb --pid=8584 ...command...
==00:00:00:00.318 8584== 
==00:00:00:00.318 8584== TO DEBUG THIS PROCESS USING GDB: start GDB like this
==00:00:00:00.318 8584==   /path/to/gdb /home/drmlopes/CLionProjects/22000297/AED_I/cmake-build-debug/AED_I
==00:00:00:00.318 8584== and then give GDB the following command
==00:00:00:00.318 8584==   target remote | /usr/libexec/valgrind/../../bin/vgdb --pid=8584
==00:00:00:00.318 8584== --pid is optional if only one valgrind process is running
==00:00:00:00.318 8584== 
==00:00:00:00.393 8584== Downloading debug info for /usr/libexec/valgrind/memcheck-amd64-linux...
--00:00:00:00.441 8584--   Considering /home/drmlopes/.cache/debuginfod_client/754e638d7d8e5a4ee6c2b5456c053a50d89ae698/debuginfo ..
--00:00:00:00.518 8584--   .. CRC is valid
==00:00:00:00.518 8584== Successfully downloaded debug file for /usr/libexec/valgrind/memcheck-amd64-linux
==00:00:00:00.519 8584== Downloading debug info for /home/drmlopes/.cache/debuginfod_client/754e638d7d8e5a4ee6c2b5456c053a50d89ae698/debuginfo...
--00:00:00:00.542 8584--   Considering /home/drmlopes/.cache/debuginfod_client/3e399a29d5322d083cfee11d8bb47ad6f1ef076b/debuginfo ..
--00:00:00:00.543 8584--   .. build-id is valid
==00:00:00:00.543 8584== Successfully downloaded debug file for /home/drmlopes/.cache/debuginfod_client/754e638d7d8e5a4ee6c2b5456c053a50d89ae698/debuginfo
--00:00:00:01.749 8584-- REDIR: 0x4026960 (ld-linux-x86-64.so.2:strlen) redirected to 0x5823e2bd (vgPlain_amd64_linux_REDIR_FOR_strlen)
--00:00:00:01.763 8584-- REDIR: 0x4025320 (ld-linux-x86-64.so.2:strcmp) redirected to 0x5823e2d7 (vgPlain_amd64_linux_REDIR_FOR_strcmp)
--00:00:00:01.769 8584-- REDIR: 0x40250f0 (ld-linux-x86-64.so.2:index) redirected to 0x5823e310 (vgPlain_amd64_linux_REDIR_FOR_index)
--00:00:00:01.773 8584-- REDIR: 0x4024480 (ld-linux-x86-64.so.2:bcmp) redirected to 0x5823e2f2 (vgPlain_amd64_linux_REDIR_FOR_memcmp)
--00:00:00:01.815 8584-- Reading syms from /usr/libexec/valgrind/vgpreload_core-amd64-linux.so
--00:00:00:01.827 8584-- Reading syms from /usr/libexec/valgrind/vgpreload_memcheck-amd64-linux.so
==00:00:00:01.842 8584== WARNING: new redirection conflicts with existing -- ignoring it
--00:00:00:01.842 8584--     old: 0x04025320 (strcmp              ) R-> (0000.0) 0x5823e2d7 vgPlain_amd64_linux_REDIR_FOR_strcmp
--00:00:00:01.854 8584--     new: 0x04025320 (strcmp              ) R-> (2016.0) 0x04849970 strcmp
==00:00:00:01.854 8584== WARNING: new redirection conflicts with existing -- ignoring it
--00:00:00:01.854 8584--     old: 0x04026960 (strlen              ) R-> (0000.0) 0x5823e2bd vgPlain_amd64_linux_REDIR_FOR_strlen
--00:00:00:01.854 8584--     new: 0x04026960 (strlen              ) R-> (2007.0) 0x04848540 strlen
--00:00:00:01.874 8584-- REDIR: 0x4024750 (ld-linux-x86-64.so.2:mempcpy) redirected to 0x484e100 (mempcpy)
--00:00:00:01.880 8584-- Reading syms from /usr/lib64/libc.so.6
==00:00:00:01.896 8584== Downloading debug info for /usr/lib64/libc.so.6...
--00:00:00:01.921 8584--   Considering /home/drmlopes/.cache/debuginfod_client/48c4b9b1efb1df15da8e787f489128bf31893317/debuginfo ..
--00:00:00:01.970 8584--   .. CRC is valid
==00:00:00:01.970 8584== Successfully downloaded debug file for /usr/lib64/libc.so.6
--00:00:00:02.960 8584-- REDIR: 0x4026b00 (ld-linux-x86-64.so.2:strncmp) redirected to 0x4849110 (strncmp)
--00:00:00:02.998 8584-- REDIR: 0x48fd8c0 (libc.so.6:strnlen) redirected to 0x483a4ba (_vgnU_ifunc_wrapper)
--00:00:00:03.000 8584-- REDIR: 0x48fd940 (libc.so.6:strpbrk) redirected to 0x483a4ba (_vgnU_ifunc_wrapper)
--00:00:00:03.000 8584-- REDIR: 0x48fb980 (libc.so.6:strcmp) redirected to 0x483a4ba (_vgnU_ifunc_wrapper)
--00:00:00:03.001 8584-- REDIR: 0x4912af0 (libc.so.6:wcsnlen) redirected to 0x483a4ba (_vgnU_ifunc_wrapper)
--00:00:00:03.002 8584-- REDIR: 0x48fa9e0 (libc.so.6:memset) redirected to 0x483a4ba (_vgnU_ifunc_wrapper)
--00:00:00:03.003 8584-- REDIR: 0x49121b0 (libc.so.6:wcslen) redirected to 0x483a4ba (_vgnU_ifunc_wrapper)
--00:00:00:03.005 8584-- REDIR: 0x4974400 (libc.so.6:__memcpy_chk) redirected to 0x483a4ba (_vgnU_ifunc_wrapper)
--00:00:00:03.006 8584-- REDIR: 0x48fa960 (libc.so.6:memrchr) redirected to 0x483a4ba (_vgnU_ifunc_wrapper)
--00:00:00:03.007 8584-- REDIR: 0x4912a80 (libc.so.6:wcsncpy) redirected to 0x483a4ba (_vgnU_ifunc_wrapper)
--00:00:00:03.008 8584-- REDIR: 0x48f9e70 (libc.so.6:memcpy@@GLIBC_2.14) redirected to 0x483a4ba (_vgnU_ifunc_wrapper)
--00:00:00:03.009 8584-- REDIR: 0x4910fe0 (libc.so.6:wcschr) redirected to 0x483a4ba (_vgnU_ifunc_wrapper)
--00:00:00:03.011 8584-- REDIR: 0x48fb880 (libc.so.6:index) redirected to 0x483a4ba (_vgnU_ifunc_wrapper)
--00:00:00:03.013 8584-- REDIR: 0x48fd970 (libc.so.6:rindex) redirected to 0x483a4ba (_vgnU_ifunc_wrapper)
--00:00:00:03.015 8584-- REDIR: 0x4911080 (libc.so.6:wcscmp) redirected to 0x483a4ba (_vgnU_ifunc_wrapper)
--00:00:00:03.016 8584-- REDIR: 0x48fac30 (libc.so.6:stpncpy) redirected to 0x483a4ba (_vgnU_ifunc_wrapper)
--00:00:00:03.017 8584-- REDIR: 0x491ed60 (libc.so.6:wmemchr) redirected to 0x483a4ba (_vgnU_ifunc_wrapper)
--00:00:00:03.019 8584-- REDIR: 0x48fd760 (libc.so.6:strncmp) redirected to 0x483a4ba (_vgnU_ifunc_wrapper)
--00:00:00:03.020 8584-- REDIR: 0x48fac90 (libc.so.6:strcasecmp) redirected to 0x483a4ba (_vgnU_ifunc_wrapper)
--00:00:00:03.021 8584-- REDIR: 0x48fca60 (libc.so.6:strcspn) redirected to 0x483a4ba (_vgnU_ifunc_wrapper)
--00:00:00:03.022 8584-- REDIR: 0x4911f90 (libc.so.6:wcscpy) redirected to 0x483a4ba (_vgnU_ifunc_wrapper)
--00:00:00:03.023 8584-- REDIR: 0x48fb810 (libc.so.6:strcat) redirected to 0x483a4ba (_vgnU_ifunc_wrapper)
--00:00:00:03.025 8584-- REDIR: 0x48fd660 (libc.so.6:strncasecmp_l) redirected to 0x483a4ba (_vgnU_ifunc_wrapper)
--00:00:00:03.026 8584-- REDIR: 0x48fb900 (libc.so.6:strchrnul) redirected to 0x483a4ba (_vgnU_ifunc_wrapper)
--00:00:00:03.027 8584-- REDIR: 0x48f9d80 (libc.so.6:bcmp) redirected to 0x483a4ba (_vgnU_ifunc_wrapper)
--00:00:00:03.029 8584-- REDIR: 0x48fc9f0 (libc.so.6:strcpy) redirected to 0x483a4ba (_vgnU_ifunc_wrapper)
--00:00:00:03.031 8584-- REDIR: 0x48fad30 (libc.so.6:strcasecmp_l) redirected to 0x483a4ba (_vgnU_ifunc_wrapper)
--00:00:00:03.032 8584-- REDIR: 0x48fd540 (libc.so.6:strlen) redirected to 0x483a4ba (_vgnU_ifunc_wrapper)
--00:00:00:03.033 8584-- REDIR: 0x48fd800 (libc.so.6:strncpy) redirected to 0x483a4ba (_vgnU_ifunc_wrapper)
--00:00:00:03.034 8584-- REDIR: 0x491ede0 (libc.so.6:wmemcmp) redirected to 0x483a4ba (_vgnU_ifunc_wrapper)
--00:00:00:03.035 8584-- REDIR: 0x4974510 (libc.so.6:__memmove_chk) redirected to 0x483a4ba (_vgnU_ifunc_wrapper)
==00:00:00:03.036 8584== WARNING: new redirection conflicts with existing -- ignoring it
--00:00:00:03.036 8584--     old: 0x049b9e10 (__memcpy_chk_avx_una) R-> (2030.0) 0x0484e210 __memcpy_chk
--00:00:00:03.036 8584--     new: 0x049b9e10 (__memcpy_chk_avx_una) R-> (2024.0) 0x0484dae0 __memmove_chk
--00:00:00:03.036 8584-- REDIR: 0x48fabc0 (libc.so.6:stpcpy) redirected to 0x483a4ba (_vgnU_ifunc_wrapper)
--00:00:00:03.037 8584-- REDIR: 0x48fa740 (libc.so.6:memmove) redirected to 0x483a4ba (_vgnU_ifunc_wrapper)
==00:00:00:03.038 8584== Preferring higher priority redirection:
--00:00:00:03.038 8584--     old: 0x049b9e40 (__memcpy_avx_unalign) R-> (2018.0) 0x0484b020 __memcpy_avx_unaligned_erms
--00:00:00:03.038 8584--     new: 0x049b9e40 (__memcpy_avx_unalign) R-> (2018.1) 0x0484cdb0 memmove
--00:00:00:03.038 8584-- REDIR: 0x48f9d00 (libc.so.6:memchr) redirected to 0x483a4ba (_vgnU_ifunc_wrapper)
--00:00:00:03.039 8584-- REDIR: 0x48fdb70 (libc.so.6:strspn) redirected to 0x483a4ba (_vgnU_ifunc_wrapper)
--00:00:00:03.039 8584-- REDIR: 0x4910bf0 (libc.so.6:wcpncpy) redirected to 0x483a4ba (_vgnU_ifunc_wrapper)
--00:00:00:03.040 8584-- REDIR: 0x48fa850 (libc.so.6:mempcpy) redirected to 0x483a4ba (_vgnU_ifunc_wrapper)
--00:00:00:03.042 8584-- REDIR: 0x48fd5c0 (libc.so.6:strncasecmp) redirected to 0x483a4ba (_vgnU_ifunc_wrapper)
--00:00:00:03.088 8584-- REDIR: 0x49bea70 (libc.so.6:__strrchr_avx2) redirected to 0x4847ca0 (rindex)
--00:00:00:03.105 8584-- REDIR: 0x49bc220 (libc.so.6:__strchrnul_avx2) redirected to 0x484db80 (strchrnul)
--00:00:00:03.106 8584-- REDIR: 0x49b9e40 (libc.so.6:__memcpy_avx_unaligned_erms) redirected to 0x484cdb0 (memmove)
--00:00:00:03.114 8584-- REDIR: 0x48f5b10 (libc.so.6:malloc) redirected to 0x483eab0 (malloc)
--00:00:00:03.122 8584-- REDIR: 0x48f6df0 (libc.so.6:calloc) redirected to 0x4846369 (calloc)
--00:00:00:03.125 8584-- REDIR: 0x49b9e00 (libc.so.6:__mempcpy_avx_unaligned_erms) redirected to 0x484dcc0 (mempcpy)
--00:00:00:03.134 8584-- REDIR: 0x49bcbc0 (libc.so.6:__strlen_avx2) redirected to 0x4848420 (strlen)
--00:00:00:05.962 8584-- REDIR: 0x48f6260 (libc.so.6:free) redirected to 0x4841dd1 (free)
